<?xml version="1.0" encoding="UTF-8"?>
<!-- Generated by org.testng.reporters.JUnitReportReporter -->
<testsuite hostname="LAPTOP-4TS6I6FE" failures="0" tests="1" name="com.qa.tests.HRM_Login" time="7.955" errors="0" timestamp="27 Dec 2019 06:17:04 GMT" skipped="0">
  <testcase classname="com.qa.tests.HRM_Login" name="login" time="7.955"/>
</testsuite> <!-- com.qa.tests.HRM_Login -->
